<component name="libraryTable">
  <library name="junit-4.10">
    <CLASSES>
      <root url="jar://$PROJECT_DIR$/lib/junit-4.10.jar!/" />
      <root url="jar://$PROJECT_DIR$/lib/hamcrest-all-1.3.0RC2.jar!/" />
    </CLASSES>
    <JAVADOC />
    <SOURCES>
      <root url="jar://$PROJECT_DIR$/lib/junit-4.10-sources.jar!/" />
      <root url="jar://$PROJECT_DIR$/lib/hamcrest-all-1.3.0RC2.jar!/" />
    </SOURCES>
  </library>
</component>